        -:    0:Source:Collatz.c++
        -:    0:Graph:Collatz.gcno
        -:    0:Data:Collatz.gcda
        -:    0:Runs:1
        -:    0:Programs:1
        -:    1:// ----------------------------
        -:    2:// projects/collatz/Collatz.c++
        -:    3:// Copyright (C) 2015
        -:    4:// Glenn P. Downing
        -:    5:// ----------------------------
        -:    6:
        -:    7:// --------
        -:    8:// includes
        -:    9:// --------
        -:   10:
        -:   11:#include <cassert>  // assert
        -:   12:#include <iostream> // endl, istream, ostream
        -:   13:#include <sstream>  // istringstream
        -:   14:#include <string>   // getline, string
        -:   15:#include <utility>  // make_pair, pair
        -:   16:#include <cmath>    // abs
        -:   17:
        -:   18:#include "Collatz.h"
        -:   19:
        -:   20:using namespace std;
        -:   21:
        -:   22:#define SIZE 50000
        -:   23:
        -:   24:// ------------
        -:   25:// collatz_read
        -:   26:// ------------
        -:   27:
function _Z12collatz_readRKSs called 12 returned 100% blocks executed 80%
       12:   28:pair<int, int> collatz_read (const string& s) {
       12:   29:    istringstream sin(s);
call    0 returned 100%
branch  1 taken 100% (fallthrough)
branch  2 taken 0% (throw)
        -:   30:    int i;
        -:   31:    int j;
       12:   32:    sin >> i >> j;
call    0 returned 100%
branch  1 taken 100% (fallthrough)
branch  2 taken 0% (throw)
call    3 returned 100%
branch  4 taken 100% (fallthrough)
branch  5 taken 0% (throw)
       12:   33:    return make_pair(i, j);}
call    0 returned 100%
call    1 returned 100%
call    2 never executed
        -:   34:
        -:   35:// ------------
        -:   36:// collatz_eval
        -:   37:// ------------
        -:   38:
function _Z12collatz_evalii called 16 returned 100% blocks executed 88%
       16:   39:int collatz_eval (int i, int j) 
        -:   40:{
        -:   41:    // error checking and weird cases
       16:   42:    assert(i > 0);
branch  0 taken 0% (fallthrough)
branch  1 taken 100%
call    2 never executed
       16:   43:    assert(j > 0);
branch  0 taken 0% (fallthrough)
branch  1 taken 100%
call    2 never executed
        -:   44:
       16:   45:    if( (i==1) & (j==1))
branch  0 taken 13% (fallthrough)
branch  1 taken 88%
        2:   46:        return 1;
        -:   47:
        -:   48:    int temp;
        -:   49:    int k;
        -:   50:    int currentcycle, maxcycle;
        -:   51:
       14:   52:    currentcycle = 1;
       14:   53:    maxcycle = 0;
        -:   54:
        -:   55:    // if second value is lower, switch values of i and j
       14:   56:    if(j < i)
branch  0 taken 14% (fallthrough)
branch  1 taken 86%
        -:   57:    {
        2:   58:        temp = i;
        2:   59:        i = j;
        2:   60:        j = temp;
        -:   61:    }
        -:   62:
        -:   63:
        -:   64:    /******************* CACHE *******************/
       14:   65:    int cache[SIZE] = {0};
        -:   66:
        -:   67:    /*******************************************************/
        -:   68:
     4852:   69:    while (i <= j) 
branch  0 taken 99%
branch  1 taken 1% (fallthrough)
        -:   70:    {
     4824:   71:        if((i < SIZE) && (cache[i] != 0))
branch  0 taken 100% (fallthrough)
branch  1 taken 0%
branch  2 taken 0% (fallthrough)
branch  3 taken 100%
        -:   72:        {
    #####:   73:            return cache[i];
        -:   74:        }
        -:   75:
     4824:   76:        k = i;
        -:   77:
   489036:   78:        while (k != 1)
branch  0 taken 99%
branch  1 taken 1% (fallthrough)
        -:   79:        {
   479388:   80:            if((k % 2) != 0)
branch  0 taken 33% (fallthrough)
branch  1 taken 67%
        -:   81:            {
   158760:   82:                k = 3 * k + 1;
   158760:   83:                currentcycle++;
        -:   84:            }
        -:   85:            else 
        -:   86:            {
   320628:   87:                k = k / 2;
   320628:   88:                currentcycle++;                    
        -:   89:            } 
        -:   90:        }
        -:   91:
     4824:   92:        if(k == 1)
branch  0 taken 100% (fallthrough)
branch  1 taken 0%
        -:   93:        {   
     4824:   94:            if(currentcycle > maxcycle)
branch  0 taken 1% (fallthrough)
branch  1 taken 99%
        -:   95:            {
       64:   96:                maxcycle = currentcycle; 
       64:   97:                if(i < SIZE)
branch  0 taken 100% (fallthrough)
branch  1 taken 0%
        -:   98:                {
       64:   99:                    cache[i] = maxcycle;
        -:  100:                }
        -:  101:            } 
        -:  102:        }     
     4824:  103:        currentcycle = 1;         
     4824:  104:        i++;  
        -:  105:    }
       14:  106:    return maxcycle;
        -:  107:}
        -:  108:
        -:  109:
        -:  110:// -------------
        -:  111:// collatz_print
        -:  112:// -------------
        -:  113:
function _Z13collatz_printRSoiii called 12 returned 100% blocks executed 100%
       12:  114:void collatz_print (ostream& w, int i, int j, int v) {
       12:  115:    w << i << " " << j << " " << v << endl;}
call    0 returned 100%
call    1 returned 100%
call    2 returned 100%
call    3 returned 100%
call    4 returned 100%
call    5 returned 100%
        -:  116:
        -:  117:// -------------
        -:  118:// collatz_solve
        -:  119:// -------------
        -:  120:
function _Z13collatz_solveRSiRSo called 3 returned 100% blocks executed 80%
        3:  121:void collatz_solve (istream& r, ostream& w) {
        3:  122:    string s;
call    0 returned 100%
branch  1 taken 100% (fallthrough)
branch  2 taken 0% (throw)
       14:  123:    while (getline(r, s)) {
call    0 returned 100%
branch  1 taken 100% (fallthrough)
branch  2 taken 0% (throw)
call    3 returned 100%
branch  4 taken 100% (fallthrough)
branch  5 taken 0% (throw)
branch  6 taken 73%
branch  7 taken 27% (fallthrough)
        8:  124:        const pair<int, int> p = collatz_read(s);
call    0 returned 100%
branch  1 taken 100% (fallthrough)
branch  2 taken 0% (throw)
        8:  125:        const int            i = p.first;
        8:  126:        const int            j = p.second;
        8:  127:        const int            v = collatz_eval(i, j);
call    0 returned 100%
function _GLOBAL__sub_I__Z12collatz_readRKSs called 1 returned 100% blocks executed 100%
function _Z41__static_initialization_and_destruction_0ii called 1 returned 100% blocks executed 100%
       14:  128:        collatz_print(w, i, j, v);}}
call    0 returned 100%
branch  1 taken 100% (fallthrough)
branch  2 taken 0%
branch  3 taken 100% (fallthrough)
branch  4 taken 0%
call    5 returned 100%
branch  6 taken 100% (fallthrough)
branch  7 taken 0% (throw)
call    8 returned 100%
call    9 never executed
